<?xml version="1.0" encoding="UTF-8"?>
<!-- Generated by org.testng.reporters.JUnitXMLReporter -->
<testsuite ignored="0" hostname="INMAA3BL0882" failures="0" tests="3" name="Default test" time="24.457" errors="0" timestamp="2025-04-07T11:41:18 IST">
  <testcase classname="xalts.TestScenario.TestScenario" name="SignIn" time="4.392"/>
  <testcase classname="xalts.TestScenario.TestScenario" name="SignOut" time="2.872"/>
  <testcase classname="xalts.TestScenario.TestScenario" name="SignUp" time="7.334"/>
</testsuite> <!-- Default test -->
