<?xml version="1.0" encoding="UTF-8"?>
<!-- Generated by org.testng.reporters.JUnitReportReporter -->
<testsuite hostname="INMAA3BL0882" failures="0" tests="3" name="xalts.TestScenario.TestScenario" time="14.598" errors="0" timestamp="2025-04-07T11:41:18 IST" skipped="0">
  <testcase classname="xalts.TestScenario.TestScenario" name="SignUp" time="7.334"/>
  <system-out/>
  <testcase classname="xalts.TestScenario.TestScenario" name="SignIn" time="4.392"/>
  <system-out/>
  <testcase classname="xalts.TestScenario.TestScenario" name="SignOut" time="2.872"/>
  <system-out/>
</testsuite> <!-- xalts.TestScenario.TestScenario -->
